2023-01-30 11:53:54.950 [main] INFO  org.example.Main - =================================================================================================
2023-01-30 11:53:54.954 [main] INFO  org.example.Main - Choose an article provider [Vietnamplus, Phapluatplus, Tapchigiaothong, Opensky]: 
2023-01-30 11:54:10.821 [main] INFO  org.example.services.AbstractAutomateService - -------------------------------Vietnamplus-------------------------------

2023-01-30 11:54:10.821 [main] INFO  org.example.services.AbstractAutomateService - (Processed: 0) Enter url, "exit" to exit: 
2023-01-30 11:55:08.573 [main] INFO  org.example.Main - =================================================================================================
2023-01-30 11:55:08.578 [main] INFO  org.example.Main - Choose an article provider [Vietnamplus, Phapluatplus, Tapchigiaothong, Opensky]: 
2023-01-30 11:55:23.502 [main] INFO  org.example.Main - Choose an article provider [Vietnamplus, Phapluatplus, Tapchigiaothong, Opensky]: 
2023-01-30 11:55:31.711 [main] INFO  org.example.services.AbstractAutomateService - -------------------------------Vietnamplus-------------------------------
2023-01-30 11:55:31.711 [main] INFO  org.example.services.AbstractAutomateService - (Processed: 0) Enter url, "exit" to exit: 
2023-01-30 11:55:55.443 [main] ERROR org.example.services.AbstractAutomateService - Error {
  message='Protocol error (Page.navigate): Cannot navigate to invalid URL
=========================== logs ===========================
navigating to "a", waiting until "load"
============================================================
  name='Error
  stack='Error: Protocol error (Page.navigate): Cannot navigate to invalid URL
=========================== logs ===========================
navigating to "a", waiting until "load"
============================================================
    at /tmp/playwright-java-17724322881876593347/package/lib/server/chromium/crConnection.js:169:16
    at new Promise (<anonymous>)
    at CRSession.send (/tmp/playwright-java-17724322881876593347/package/lib/server/chromium/crConnection.js:165:12)
    at FrameSession._navigate (/tmp/playwright-java-17724322881876593347/package/lib/server/chromium/crPage.js:504:41)
    at CRPage.navigateFrame (/tmp/playwright-java-17724322881876593347/package/lib/server/chromium/crPage.js:159:41)
    at Frame._gotoAction (/tmp/playwright-java-17724322881876593347/package/lib/server/frames.js:542:55)
    at /tmp/playwright-java-17724322881876593347/package/lib/server/frames.js:528:74
    at Frame.raceNavigationAction (/tmp/playwright-java-17724322881876593347/package/lib/server/frames.js:500:9)
    at Frame._goto (/tmp/playwright-java-17724322881876593347/package/lib/server/frames.js:528:17)
    at /tmp/playwright-java-17724322881876593347/package/lib/server/frames.js:525:44
}
2023-01-30 11:55:55.444 [main] INFO  org.example.services.AbstractAutomateService - (Processed: 0) Enter url, "exit" to exit: 
2023-01-30 11:56:13.006 [main] ERROR org.example.services.AbstractAutomateService - Error {
  message='Target page, context or browser has been closed
  name='Error
  stack='Error: Target page, context or browser has been closed
    at DispatcherConnection.dispatch (/tmp/playwright-java-17724322881876593347/package/lib/server/dispatchers/dispatcher.js:230:49)
    at PipeTransport.transport.onmessage (/tmp/playwright-java-17724322881876593347/package/lib/cli/driver.js:50:57)
    at Immediate._onImmediate (/tmp/playwright-java-17724322881876593347/package/lib/protocol/transport.js:77:34)
    at processImmediate (node:internal/timers:466:21)
}
2023-01-30 11:56:13.006 [main] INFO  org.example.services.AbstractAutomateService - (Processed: 0) Enter url, "exit" to exit: 
2023-01-30 11:59:17.912 [main] INFO  org.example.Main - Choose an article provider [Vietnamplus, Phapluatplus, Tapchigiaothong, Opensky]: 
2023-01-30 11:59:27.806 [main] INFO  org.example.Main - Choose an article provider [Vietnamplus, Phapluatplus, Tapchigiaothong, Opensky]: 
2023-01-30 11:59:34.642 [main] INFO  org.example.services.AbstractAutomateService - -------------------------------Vietnamplus-------------------------------
2023-01-30 11:59:34.642 [main] INFO  org.example.services.AbstractAutomateService - (Processed: 0) Enter url, "exit" to exit: 
2023-01-30 11:59:43.503 [main] ERROR org.example.services.AbstractAutomateService - Error {
  message='Target page, context or browser has been closed
  name='Error
  stack='Error: Target page, context or browser has been closed
    at DispatcherConnection.dispatch (/tmp/playwright-java-2193966226311022981/package/lib/server/dispatchers/dispatcher.js:230:49)
    at PipeTransport.transport.onmessage (/tmp/playwright-java-2193966226311022981/package/lib/cli/driver.js:50:57)
    at Immediate._onImmediate (/tmp/playwright-java-2193966226311022981/package/lib/protocol/transport.js:77:34)
    at processImmediate (node:internal/timers:466:21)
}
2023-01-30 11:59:43.504 [main] INFO  org.example.services.AbstractAutomateService - (Processed: 0) Enter url, "exit" to exit: 
2023-01-30 11:59:45.393 [main] ERROR org.example.services.AbstractAutomateService - Error {
  message='Target page, context or browser has been closed
  name='Error
  stack='Error: Target page, context or browser has been closed
    at DispatcherConnection.dispatch (/tmp/playwright-java-2193966226311022981/package/lib/server/dispatchers/dispatcher.js:230:49)
    at PipeTransport.transport.onmessage (/tmp/playwright-java-2193966226311022981/package/lib/cli/driver.js:50:57)
    at Immediate._onImmediate (/tmp/playwright-java-2193966226311022981/package/lib/protocol/transport.js:77:34)
    at processImmediate (node:internal/timers:466:21)
}
2023-01-30 11:59:45.393 [main] INFO  org.example.services.AbstractAutomateService - (Processed: 0) Enter url, "exit" to exit: 
2023-01-30 11:59:46.044 [main] ERROR org.example.services.AbstractAutomateService - Error {
  message='Target page, context or browser has been closed
  name='Error
  stack='Error: Target page, context or browser has been closed
    at DispatcherConnection.dispatch (/tmp/playwright-java-2193966226311022981/package/lib/server/dispatchers/dispatcher.js:230:49)
    at PipeTransport.transport.onmessage (/tmp/playwright-java-2193966226311022981/package/lib/cli/driver.js:50:57)
    at Immediate._onImmediate (/tmp/playwright-java-2193966226311022981/package/lib/protocol/transport.js:77:34)
    at processImmediate (node:internal/timers:466:21)
}
2023-01-30 11:59:46.044 [main] INFO  org.example.services.AbstractAutomateService - (Processed: 0) Enter url, "exit" to exit: 
2023-01-30 11:59:51.933 [main] ERROR org.example.services.AbstractAutomateService - Error {
  message='Target page, context or browser has been closed
  name='Error
  stack='Error: Target page, context or browser has been closed
    at DispatcherConnection.dispatch (/tmp/playwright-java-2193966226311022981/package/lib/server/dispatchers/dispatcher.js:230:49)
    at PipeTransport.transport.onmessage (/tmp/playwright-java-2193966226311022981/package/lib/cli/driver.js:50:57)
    at Immediate._onImmediate (/tmp/playwright-java-2193966226311022981/package/lib/protocol/transport.js:77:34)
    at processImmediate (node:internal/timers:466:21)
}
2023-01-30 11:59:51.933 [main] INFO  org.example.services.AbstractAutomateService - (Processed: 0) Enter url, "exit" to exit: 
2023-01-30 12:00:04.244 [main] ERROR org.example.services.AbstractAutomateService - Error {
  message='Target page, context or browser has been closed
  name='Error
  stack='Error: Target page, context or browser has been closed
    at DispatcherConnection.dispatch (/tmp/playwright-java-2193966226311022981/package/lib/server/dispatchers/dispatcher.js:230:49)
    at PipeTransport.transport.onmessage (/tmp/playwright-java-2193966226311022981/package/lib/cli/driver.js:50:57)
    at Immediate._onImmediate (/tmp/playwright-java-2193966226311022981/package/lib/protocol/transport.js:77:34)
    at processImmediate (node:internal/timers:466:21)
}
2023-01-30 12:00:04.245 [main] INFO  org.example.services.AbstractAutomateService - (Processed: 0) Enter url, "exit" to exit: 
2023-01-30 12:00:11.516 [main] INFO  org.example.Main - Process ended!
2023-01-30 12:03:22.143 [main] INFO  org.example.Main - Choose an article provider [Vietnamplus, Phapluatplus, Tapchigiaothong, Opensky]: 
2023-01-30 12:05:51.239 [main] INFO  org.example.Main - Choose an article provider [Vietnamplus, Phapluatplus, Tapchigiaothong, Opensky]: 
2023-01-30 12:06:05.462 [main] INFO  org.example.Main - Choose an article provider [Vietnamplus, Phapluatplus, Tapchigiaothong, Opensky]: 
2023-01-30 12:06:24.080 [main] INFO  org.example.Main - Choose an article provider [Vietnamplus, Phapluatplus, Tapchigiaothong, Opensky]: 
2023-01-30 12:06:44.719 [main] INFO  org.example.Main - Choose an article provider [Vietnamplus, Phapluatplus, Tapchigiaothong, Opensky]: 
2023-01-30 12:07:06.690 [main] INFO  org.example.Main - Choose an article provider [Vietnamplus, Phapluatplus, Tapchigiaothong, Opensky]: 
2023-01-30 12:08:54.778 [main] INFO  org.example.Main - Choose an article provider [Vietnamplus, Phapluatplus, Tapchigiaothong, Opensky]: 
2023-01-30 12:09:52.574 [main] INFO  org.example.Main - Choose an article provider [Vietnamplus, Phapluatplus, Tapchigiaothong, Opensky]: 
2023-01-30 12:10:15.785 [main] INFO  org.example.Main - Choose an article provider [Vietnamplus, Phapluatplus, Tapchigiaothong, Opensky]: 
2023-01-30 12:10:38.452 [main] INFO  org.example.Main - Choose an article provider [Vietnamplus, Phapluatplus, Tapchigiaothong, Opensky]: 
2023-01-30 12:10:47.351 [main] INFO  org.example.Main - Choose an article provider [Vietnamplus, Phapluatplus, Tapchigiaothong, Opensky]: 
2023-01-30 12:15:01.136 [main] INFO  org.example.Main - Choose an article provider [Vietnamplus, Phapluatplus, Tapchigiaothong, Opensky]: 
2023-01-30 12:15:41.569 [main] INFO  org.example.Main - Choose an article provider [Vietnamplus, Phapluatplus, Tapchigiaothong, Opensky]: 
2023-01-30 12:15:52.344 [main] INFO  org.example.services.AbstractAutomateService - -------------------------------Vietnamplus-------------------------------
2023-01-30 12:15:52.344 [main] INFO  org.example.services.AbstractAutomateService - (Processed: 0) Enter url, "exit" to exit: 
2023-01-30 12:16:17.106 [main] INFO  org.example.Main - Process ended!
2023-01-30 12:16:29.413 [main] INFO  org.example.Main - Choose an article provider [Vietnamplus, Phapluatplus, Tapchigiaothong, Opensky]: 
2023-01-30 12:17:41.593 [main] INFO  org.example.Main - Choose an article provider [Vietnamplus, Phapluatplus, Tapchigiaothong, Opensky]: 
2023-01-30 12:18:24.613 [main] INFO  org.example.Main - Choose an article provider [Vietnamplus, Phapluatplus, Tapchigiaothong, Opensky]: 
2023-01-30 12:18:33.220 [main] INFO  org.example.Main - Choose an article provider [Vietnamplus, Phapluatplus, Tapchigiaothong, Opensky]: 
2023-01-30 12:18:45.142 [main] INFO  org.example.Main - Choose an article provider [Vietnamplus, Phapluatplus, Tapchigiaothong, Opensky]: 
2023-01-30 12:18:51.882 [main] INFO  org.example.services.AbstractAutomateService - -------------------------------Vietnamplus-------------------------------
2023-01-30 12:18:51.882 [main] INFO  org.example.services.AbstractAutomateService - (Processed: 0) Enter url, "exit" to exit: 
2023-01-30 12:18:53.406 [main] ERROR org.example.services.AbstractAutomateService - Error {
  message='Protocol error (Page.navigate): Cannot navigate to invalid URL
=========================== logs ===========================
navigating to "a", waiting until "load"
============================================================
  name='Error
  stack='Error: Protocol error (Page.navigate): Cannot navigate to invalid URL
=========================== logs ===========================
navigating to "a", waiting until "load"
============================================================
    at /tmp/playwright-java-13709530995835431031/package/lib/server/chromium/crConnection.js:169:16
    at new Promise (<anonymous>)
    at CRSession.send (/tmp/playwright-java-13709530995835431031/package/lib/server/chromium/crConnection.js:165:12)
    at FrameSession._navigate (/tmp/playwright-java-13709530995835431031/package/lib/server/chromium/crPage.js:504:41)
    at CRPage.navigateFrame (/tmp/playwright-java-13709530995835431031/package/lib/server/chromium/crPage.js:159:41)
    at Frame._gotoAction (/tmp/playwright-java-13709530995835431031/package/lib/server/frames.js:542:55)
    at /tmp/playwright-java-13709530995835431031/package/lib/server/frames.js:528:74
    at Frame.raceNavigationAction (/tmp/playwright-java-13709530995835431031/package/lib/server/frames.js:500:9)
    at Frame._goto (/tmp/playwright-java-13709530995835431031/package/lib/server/frames.js:528:17)
    at /tmp/playwright-java-13709530995835431031/package/lib/server/frames.js:525:44
}
2023-01-30 12:18:53.406 [main] INFO  org.example.services.AbstractAutomateService - (Processed: 0) Enter url, "exit" to exit: 
2023-01-30 12:19:00.635 [main] INFO  org.example.Main - Process ended!
2023-01-30 12:19:15.401 [main] INFO  org.example.Main - Choose an article provider [Vietnamplus, Phapluatplus, Tapchigiaothong, Opensky]: 
2023-01-30 12:19:33.169 [main] INFO  org.example.services.AbstractAutomateService - -------------------------------Vietnamplus-------------------------------
2023-01-30 12:19:33.169 [main] INFO  org.example.services.AbstractAutomateService - (Processed: 0) Enter url, "exit" to exit: 
2023-01-30 12:19:34.432 [main] ERROR org.example.services.AbstractAutomateService - Error {
  message='Protocol error (Page.navigate): Cannot navigate to invalid URL
=========================== logs ===========================
navigating to "a", waiting until "load"
============================================================
  name='Error
  stack='Error: Protocol error (Page.navigate): Cannot navigate to invalid URL
=========================== logs ===========================
navigating to "a", waiting until "load"
============================================================
    at /tmp/playwright-java-15598984894461014164/package/lib/server/chromium/crConnection.js:169:16
    at new Promise (<anonymous>)
    at CRSession.send (/tmp/playwright-java-15598984894461014164/package/lib/server/chromium/crConnection.js:165:12)
    at FrameSession._navigate (/tmp/playwright-java-15598984894461014164/package/lib/server/chromium/crPage.js:504:41)
    at CRPage.navigateFrame (/tmp/playwright-java-15598984894461014164/package/lib/server/chromium/crPage.js:159:41)
    at Frame._gotoAction (/tmp/playwright-java-15598984894461014164/package/lib/server/frames.js:542:55)
    at /tmp/playwright-java-15598984894461014164/package/lib/server/frames.js:528:74
    at Frame.raceNavigationAction (/tmp/playwright-java-15598984894461014164/package/lib/server/frames.js:500:9)
    at Frame._goto (/tmp/playwright-java-15598984894461014164/package/lib/server/frames.js:528:17)
    at /tmp/playwright-java-15598984894461014164/package/lib/server/frames.js:525:44
}
2023-01-30 12:19:34.433 [main] INFO  org.example.services.AbstractAutomateService - (Processed: 0) Enter url, "exit" to exit: 
2023-01-30 12:19:36.015 [main] WARN  org.example.Main - Process ended!
2023-01-30 12:25:19.972 [main] INFO  org.example.Main - Choose an article provider [Vietnamplus, Phapluatplus, Tapchigiaothong, Opensky]: 
2023-01-30 12:25:35.868 [main] INFO  org.example.services.AbstractAutomateService - -------------------------------Vietnamplus-------------------------------
2023-01-30 12:25:35.868 [main] INFO  org.example.services.AbstractAutomateService - (Processed: 0) Enter url, "exit" to exit: 
2023-01-30 12:26:08.388 [main] INFO  org.example.Main - Choose an article provider [Vietnamplus, Phapluatplus, Tapchigiaothong, Opensky]: 
2023-01-30 12:26:20.739 [main] INFO  org.example.services.AbstractAutomateService - -------------------------------Vietnamplus-------------------------------
2023-01-30 12:26:20.739 [main] INFO  org.example.services.AbstractAutomateService - (Processed: 0) Enter url, "exit" to exit: 
2023-01-30 12:27:11.998 [main] INFO  org.example.Main - Choose an article provider [Vietnamplus, Phapluatplus, Tapchigiaothong, Opensky]: 
2023-01-30 12:28:23.350 [main] INFO  org.example.Main - Choose an article provider [Vietnamplus, Phapluatplus, Tapchigiaothong, Opensky]: 
2023-01-30 12:28:35.109 [main] INFO  org.example.services.AbstractAutomateService - -------------------------------Vietnamplus-------------------------------
2023-01-30 12:28:35.109 [main] INFO  org.example.services.AbstractAutomateService - (Processed: 0) Enter url, "exit" to exit: 
2023-01-30 12:28:49.652 [main] INFO  org.example.Main - Choose an article provider [Vietnamplus, Phapluatplus, Tapchigiaothong, Opensky]: 
2023-01-30 12:28:58.604 [main] INFO  org.example.Main - Choose an article provider [Vietnamplus, Phapluatplus, Tapchigiaothong, Opensky]: 
2023-01-30 12:29:10.232 [main] INFO  org.example.services.AbstractAutomateService - -------------------------------Vietnamplus-------------------------------
2023-01-30 12:29:10.232 [main] INFO  org.example.services.AbstractAutomateService - (Processed: 0) Enter url, "exit" to exit: 
2023-01-30 12:29:16.637 [main] ERROR org.example.services.AbstractAutomateService - Error {
  message='Protocol error (Page.navigate): Cannot navigate to invalid URL
=========================== logs ===========================
navigating to "a", waiting until "load"
============================================================
  name='Error
  stack='Error: Protocol error (Page.navigate): Cannot navigate to invalid URL
=========================== logs ===========================
navigating to "a", waiting until "load"
============================================================
    at /tmp/playwright-java-6668901860174961165/package/lib/server/chromium/crConnection.js:169:16
    at new Promise (<anonymous>)
    at CRSession.send (/tmp/playwright-java-6668901860174961165/package/lib/server/chromium/crConnection.js:165:12)
    at FrameSession._navigate (/tmp/playwright-java-6668901860174961165/package/lib/server/chromium/crPage.js:504:41)
    at CRPage.navigateFrame (/tmp/playwright-java-6668901860174961165/package/lib/server/chromium/crPage.js:159:41)
    at Frame._gotoAction (/tmp/playwright-java-6668901860174961165/package/lib/server/frames.js:542:55)
    at /tmp/playwright-java-6668901860174961165/package/lib/server/frames.js:528:74
    at Frame.raceNavigationAction (/tmp/playwright-java-6668901860174961165/package/lib/server/frames.js:500:9)
    at Frame._goto (/tmp/playwright-java-6668901860174961165/package/lib/server/frames.js:528:17)
    at /tmp/playwright-java-6668901860174961165/package/lib/server/frames.js:525:44
}
2023-01-30 12:29:16.637 [main] INFO  org.example.services.AbstractAutomateService - (Processed: 0) Enter url, "exit" to exit: 
2023-01-30 12:29:45.137 [main] INFO  org.example.Main - Choose an article provider [Vietnamplus, Phapluatplus, Tapchigiaothong, Opensky]: 
2023-01-30 12:29:53.582 [main] INFO  org.example.Main - Choose an article provider [Vietnamplus, Phapluatplus, Tapchigiaothong, Opensky]: 
2023-01-30 12:29:59.577 [main] INFO  org.example.services.AbstractAutomateService - -------------------------------Vietnamplus-------------------------------
2023-01-30 12:29:59.577 [main] INFO  org.example.services.AbstractAutomateService - (Processed: 0) Enter url, "exit" to exit: 
2023-01-30 12:30:16.712 [main] INFO  org.example.Main - Choose an article provider [Vietnamplus, Phapluatplus, Tapchigiaothong, Opensky]: 
2023-01-30 12:30:23.688 [main] INFO  org.example.services.AbstractAutomateService - -------------------------------Vietnamplus-------------------------------
2023-01-30 12:30:23.689 [main] INFO  org.example.services.AbstractAutomateService - (Processed: 0) Enter url, "exit" to exit: 
2023-01-30 12:30:57.743 [main] INFO  org.example.services.AbstractAutomateService - (Processed: 1) Enter url, "exit" to exit: 
2023-01-30 12:31:07.447 [main] INFO  org.example.services.AbstractAutomateService - (Processed: 2) Enter url, "exit" to exit: 
2023-01-30 12:31:19.442 [main] INFO  org.example.services.AbstractAutomateService - (Processed: 3) Enter url, "exit" to exit: 
2023-01-30 12:31:35.252 [main] INFO  org.example.services.AbstractAutomateService - (Processed: 4) Enter url, "exit" to exit: 
2023-01-30 12:31:52.385 [main] INFO  org.example.services.AbstractAutomateService - (Processed: 5) Enter url, "exit" to exit: 
2023-01-30 12:32:03.183 [main] INFO  org.example.services.AbstractAutomateService - (Processed: 6) Enter url, "exit" to exit: 
2023-01-30 12:32:14.206 [main] INFO  org.example.services.AbstractAutomateService - (Processed: 7) Enter url, "exit" to exit: 
2023-01-30 12:32:25.075 [main] INFO  org.example.services.AbstractAutomateService - (Processed: 8) Enter url, "exit" to exit: 
2023-01-30 12:32:36.807 [main] INFO  org.example.services.AbstractAutomateService - (Processed: 9) Enter url, "exit" to exit: 
2023-01-30 12:33:20.618 [main] INFO  org.example.services.AbstractAutomateService - (Processed: 10) Enter url, "exit" to exit: 
2023-01-30 12:33:30.320 [main] INFO  org.example.services.AbstractAutomateService - (Processed: 11) Enter url, "exit" to exit: 
2023-01-30 12:33:40.004 [main] INFO  org.example.services.AbstractAutomateService - (Processed: 12) Enter url, "exit" to exit: 
2023-01-30 12:33:49.452 [main] INFO  org.example.services.AbstractAutomateService - (Processed: 13) Enter url, "exit" to exit: 
2023-01-30 12:34:00.297 [main] INFO  org.example.services.AbstractAutomateService - (Processed: 14) Enter url, "exit" to exit: 
2023-01-30 12:34:15.840 [main] INFO  org.example.services.AbstractAutomateService - (Processed: 15) Enter url, "exit" to exit: 
2023-01-30 12:34:52.045 [main] INFO  org.example.services.AbstractAutomateService - (Processed: 16) Enter url, "exit" to exit: 
2023-01-30 12:35:15.219 [main] INFO  org.example.services.AbstractAutomateService - (Processed: 17) Enter url, "exit" to exit: 
2023-01-30 12:35:31.642 [main] INFO  org.example.services.AbstractAutomateService - (Processed: 18) Enter url, "exit" to exit: 
2023-01-30 12:35:55.426 [main] INFO  org.example.services.AbstractAutomateService - (Processed: 19) Enter url, "exit" to exit: 
2023-01-30 12:36:08.718 [main] WARN  org.example.Main - Process ended!
2023-01-30 12:36:11.646 [main] INFO  org.example.Main - Choose an article provider [Vietnamplus, Phapluatplus, Tapchigiaothong, Opensky]: 
2023-01-30 12:36:18.385 [main] INFO  org.example.services.AbstractAutomateService - -------------------------------Phapluatplus-------------------------------
2023-01-30 12:36:18.385 [main] INFO  org.example.services.AbstractAutomateService - (Processed: 0) Enter url, "exit" to exit: 
2023-01-30 12:36:56.709 [main] WARN  org.example.Main - Process ended!
[32m2023-01-30 12:37:52.302 [main] INFO  org.example.Main - Choose an article provider [Vietnamplus, Phapluatplus, Tapchigiaothong, Opensky]: 
[m[32m2023-01-30 12:38:04.170 [main] INFO  org.example.services.AbstractAutomateService - -------------------------------Vietnamplus-------------------------------
[m[32m2023-01-30 12:38:04.170 [main] INFO  org.example.services.AbstractAutomateService - (Processed: 0) Enter url, "exit" to exit: 
[m[31m2023-01-30 12:38:12.606 [main] ERROR org.example.services.AbstractAutomateService - Error {
  message='Protocol error (Page.navigate): Cannot navigate to invalid URL
=========================== logs ===========================
navigating to "a", waiting until "load"
============================================================
  name='Error
  stack='Error: Protocol error (Page.navigate): Cannot navigate to invalid URL
=========================== logs ===========================
navigating to "a", waiting until "load"
============================================================
    at /tmp/playwright-java-8704228517493908985/package/lib/server/chromium/crConnection.js:169:16
    at new Promise (<anonymous>)
    at CRSession.send (/tmp/playwright-java-8704228517493908985/package/lib/server/chromium/crConnection.js:165:12)
    at FrameSession._navigate (/tmp/playwright-java-8704228517493908985/package/lib/server/chromium/crPage.js:504:41)
    at CRPage.navigateFrame (/tmp/playwright-java-8704228517493908985/package/lib/server/chromium/crPage.js:159:41)
    at Frame._gotoAction (/tmp/playwright-java-8704228517493908985/package/lib/server/frames.js:542:55)
    at /tmp/playwright-java-8704228517493908985/package/lib/server/frames.js:528:74
    at Frame.raceNavigationAction (/tmp/playwright-java-8704228517493908985/package/lib/server/frames.js:500:9)
    at Frame._goto (/tmp/playwright-java-8704228517493908985/package/lib/server/frames.js:528:17)
    at /tmp/playwright-java-8704228517493908985/package/lib/server/frames.js:525:44
}
[m[32m2023-01-30 12:38:12.607 [main] INFO  org.example.services.AbstractAutomateService - (Processed: 0) Enter url, "exit" to exit: 
[m[33m2023-01-30 12:38:17.452 [main] WARN  org.example.Main - Process ended!
[m